android/app/build/intermediates/manifest_merge_blame_file/debug/processDebugMainManifest/manifest-merger-blame-debug-report.txt
1<?xml version="1.0" encoding="utf-8"?>
2<manifest xmlns:android="http://schemas.android.com/apk/res/android"
3    package="com.cupid_cakes"
4    android:versionCode="6"
5    android:versionName="1.4" >
6
7    <uses-sdk
8        android:minSdkVersion="24"
9        android:targetSdkVersion="35" />
10
11    <uses-permission android:name="android.permission.INTERNET" />
11-->src/main/AndroidManifest.xml:3:5-67
11-->src/main/AndroidManifest.xml:3:22-64
12    <uses-permission android:name="android.permission.ACCESS_COARSE_LOCATION" />
12-->src/main/AndroidManifest.xml:4:5-81
12-->src/main/AndroidManifest.xml:4:22-78
13    <uses-permission android:name="android.permission.ACCESS_FINE_LOCATION" />
13-->src/main/AndroidManifest.xml:5:5-79
13-->src/main/AndroidManifest.xml:5:22-76
14
15    <uses-feature
15-->src/main/AndroidManifest.xml:28:5-91
16        android:name="android.hardware.location.gps"
16-->src/main/AndroidManifest.xml:28:19-63
17        android:required="false" />
17-->src/main/AndroidManifest.xml:28:64-88
18    <!--
19    This manifest file is used only by Gradle to configure debug-only capabilities
20    for React Native Apps.
21    -->
22    <uses-permission android:name="android.permission.SYSTEM_ALERT_WINDOW" />
22-->[com.facebook.react:react-android:0.78.2] AndroidManifest.xml:16:5-78
22-->[com.facebook.react:react-android:0.78.2] AndroidManifest.xml:16:22-75
23
24    <queries>
24-->[com.razorpay:standard-core:1.7.3] AndroidManifest.xml:10:5-39:15
25        <intent>
25-->[com.razorpay:standard-core:1.7.3] AndroidManifest.xml:11:9-17:18
26            <action android:name="android.intent.action.VIEW" />
26-->[com.razorpay:standard-core:1.7.3] AndroidManifest.xml:12:13-65
26-->[com.razorpay:standard-core:1.7.3] AndroidManifest.xml:12:21-62
27
28            <data
28-->[com.razorpay:standard-core:1.7.3] AndroidManifest.xml:14:13-16:38
29                android:mimeType="*/*"
29-->[com.razorpay:standard-core:1.7.3] AndroidManifest.xml:15:17-39
30                android:scheme="*" />
30-->[com.razorpay:standard-core:1.7.3] AndroidManifest.xml:16:17-35
31        </intent>
32        <intent>
32-->[com.razorpay:standard-core:1.7.3] AndroidManifest.xml:18:9-27:18
33            <action android:name="android.intent.action.VIEW" />
33-->[com.razorpay:standard-core:1.7.3] AndroidManifest.xml:12:13-65
33-->[com.razorpay:standard-core:1.7.3] AndroidManifest.xml:12:21-62
34
35            <category android:name="android.intent.category.BROWSABLE" />
35-->[com.razorpay:standard-core:1.7.3] AndroidManifest.xml:21:13-74
35-->[com.razorpay:standard-core:1.7.3] AndroidManifest.xml:21:23-71
36
37            <data
37-->[com.razorpay:standard-core:1.7.3] AndroidManifest.xml:14:13-16:38
38                android:host="pay"
39                android:mimeType="*/*"
39-->[com.razorpay:standard-core:1.7.3] AndroidManifest.xml:15:17-39
40                android:scheme="upi" />
40-->[com.razorpay:standard-core:1.7.3] AndroidManifest.xml:16:17-35
41        </intent>
42        <intent>
42-->[com.razorpay:standard-core:1.7.3] AndroidManifest.xml:28:9-30:18
43            <action android:name="android.intent.action.MAIN" />
43-->src/main/AndroidManifest.xml:23:13-65
43-->src/main/AndroidManifest.xml:23:21-62
44        </intent>
45        <intent>
45-->[com.razorpay:standard-core:1.7.3] AndroidManifest.xml:31:9-35:18
46            <action android:name="android.intent.action.SEND" />
46-->[com.razorpay:standard-core:1.7.3] AndroidManifest.xml:32:13-65
46-->[com.razorpay:standard-core:1.7.3] AndroidManifest.xml:32:21-62
47
48            <data android:mimeType="*/*" />
48-->[com.razorpay:standard-core:1.7.3] AndroidManifest.xml:14:13-16:38
48-->[com.razorpay:standard-core:1.7.3] AndroidManifest.xml:15:17-39
49        </intent>
50        <intent>
50-->[com.razorpay:standard-core:1.7.3] AndroidManifest.xml:36:9-38:18
51            <action android:name="rzp.device_token.share" />
51-->[com.razorpay:standard-core:1.7.3] AndroidManifest.xml:37:13-61
51-->[com.razorpay:standard-core:1.7.3] AndroidManifest.xml:37:21-58
52        </intent>
53    </queries> <!-- Include required permissions for Google Maps API to run. -->
54    <uses-permission android:name="android.permission.ACCESS_NETWORK_STATE" />
54-->[com.google.android.gms:play-services-maps:17.0.0] AndroidManifest.xml:23:5-79
54-->[com.google.android.gms:play-services-maps:17.0.0] AndroidManifest.xml:23:22-76
55
56    <uses-feature
56-->[com.google.android.gms:play-services-maps:17.0.0] AndroidManifest.xml:26:5-28:35
57        android:glEsVersion="0x00020000"
57-->[com.google.android.gms:play-services-maps:17.0.0] AndroidManifest.xml:27:9-41
58        android:required="true" />
58-->[com.google.android.gms:play-services-maps:17.0.0] AndroidManifest.xml:28:9-32
59
60    <permission
60-->[androidx.core:core:1.13.1] AndroidManifest.xml:22:5-24:47
61        android:name="com.cupid_cakes.DYNAMIC_RECEIVER_NOT_EXPORTED_PERMISSION"
61-->[androidx.core:core:1.13.1] AndroidManifest.xml:23:9-81
62        android:protectionLevel="signature" />
62-->[androidx.core:core:1.13.1] AndroidManifest.xml:24:9-44
63
64    <uses-permission android:name="com.cupid_cakes.DYNAMIC_RECEIVER_NOT_EXPORTED_PERMISSION" /> <!-- Normal permission, automatically granted on API 23+ -->
64-->[androidx.core:core:1.13.1] AndroidManifest.xml:26:5-97
64-->[androidx.core:core:1.13.1] AndroidManifest.xml:26:22-94
65    <uses-permission android:name="android.permission.READ_BASIC_PHONE_STATE" />
65-->[com.razorpay:core:1.0.3] AndroidManifest.xml:10:5-81
65-->[com.razorpay:core:1.0.3] AndroidManifest.xml:10:22-78
66
67    <application
67-->src/main/AndroidManifest.xml:7:5-27:19
68        android:name="com.cupid_cakes.MainApplication"
68-->src/main/AndroidManifest.xml:8:7-38
69        android:allowBackup="false"
69-->src/main/AndroidManifest.xml:12:7-34
70        android:appComponentFactory="androidx.core.app.CoreComponentFactory"
70-->[androidx.core:core:1.13.1] AndroidManifest.xml:28:18-86
71        android:debuggable="true"
72        android:extractNativeLibs="false"
73        android:icon="@mipmap/ic_launcher"
73-->src/main/AndroidManifest.xml:10:7-41
74        android:label="@string/app_name"
74-->src/main/AndroidManifest.xml:9:7-39
75        android:roundIcon="@mipmap/ic_launcher_round"
75-->src/main/AndroidManifest.xml:11:7-52
76        android:supportsRtl="true"
76-->src/main/AndroidManifest.xml:14:7-33
77        android:theme="@style/AppTheme"
77-->src/main/AndroidManifest.xml:13:7-38
78        android:usesCleartextTraffic="true" >
78-->src/debug/AndroidManifest.xml:6:9-44
79        <activity
79-->src/main/AndroidManifest.xml:15:7-26:18
80            android:name="com.cupid_cakes.MainActivity"
80-->src/main/AndroidManifest.xml:16:9-37
81            android:configChanges="keyboard|keyboardHidden|orientation|screenLayout|screenSize|smallestScreenSize|uiMode"
81-->src/main/AndroidManifest.xml:18:9-118
82            android:exported="true"
82-->src/main/AndroidManifest.xml:21:9-32
83            android:label="@string/app_name"
83-->src/main/AndroidManifest.xml:17:9-41
84            android:launchMode="singleTask"
84-->src/main/AndroidManifest.xml:19:9-40
85            android:windowSoftInputMode="adjustResize" >
85-->src/main/AndroidManifest.xml:20:9-51
86            <intent-filter>
86-->src/main/AndroidManifest.xml:22:9-25:25
87                <action android:name="android.intent.action.MAIN" />
87-->src/main/AndroidManifest.xml:23:13-65
87-->src/main/AndroidManifest.xml:23:21-62
88
89                <category android:name="android.intent.category.LAUNCHER" />
89-->src/main/AndroidManifest.xml:24:13-73
89-->src/main/AndroidManifest.xml:24:23-70
90            </intent-filter>
91        </activity>
92        <activity
92-->[:react-native-razorpay] AndroidManifest.xml:8:9-10:86
93            android:name="com.razorpay.CheckoutActivity"
93-->[:react-native-razorpay] AndroidManifest.xml:9:13-57
94            android:configChanges="keyboard|keyboardHidden|orientation|screenSize"
94-->[:react-native-razorpay] AndroidManifest.xml:10:13-83
95            android:exported="false"
95-->[com.razorpay:standard-core:1.7.3] AndroidManifest.xml:45:13-37
96            android:theme="@style/CheckoutTheme" >
96-->[com.razorpay:standard-core:1.7.3] AndroidManifest.xml:46:13-49
97            <intent-filter>
97-->[com.razorpay:standard-core:1.7.3] AndroidManifest.xml:47:13-49:29
98                <action android:name="android.intent.action.MAIN" />
98-->src/main/AndroidManifest.xml:23:13-65
98-->src/main/AndroidManifest.xml:23:21-62
99            </intent-filter>
100        </activity>
101        <activity
101-->[com.facebook.react:react-android:0.78.2] AndroidManifest.xml:19:9-21:40
102            android:name="com.facebook.react.devsupport.DevSettingsActivity"
102-->[com.facebook.react:react-android:0.78.2] AndroidManifest.xml:20:13-77
103            android:exported="false" />
103-->[com.facebook.react:react-android:0.78.2] AndroidManifest.xml:21:13-37
104
105        <provider
105-->[com.razorpay:standard-core:1.7.3] AndroidManifest.xml:52:9-60:20
106            android:name="androidx.startup.InitializationProvider"
106-->[com.razorpay:standard-core:1.7.3] AndroidManifest.xml:53:13-67
107            android:authorities="com.cupid_cakes.androidx-startup"
107-->[com.razorpay:standard-core:1.7.3] AndroidManifest.xml:54:13-68
108            android:exported="false" >
108-->[com.razorpay:standard-core:1.7.3] AndroidManifest.xml:55:13-37
109            <meta-data
109-->[com.razorpay:standard-core:1.7.3] AndroidManifest.xml:57:13-59:52
110                android:name="com.razorpay.RazorpayInitializer"
110-->[com.razorpay:standard-core:1.7.3] AndroidManifest.xml:58:17-64
111                android:value="androidx.startup" />
111-->[com.razorpay:standard-core:1.7.3] AndroidManifest.xml:59:17-49
112            <meta-data
112-->[androidx.emoji2:emoji2:1.2.0] AndroidManifest.xml:29:13-31:52
113                android:name="androidx.emoji2.text.EmojiCompatInitializer"
113-->[androidx.emoji2:emoji2:1.2.0] AndroidManifest.xml:30:17-75
114                android:value="androidx.startup" />
114-->[androidx.emoji2:emoji2:1.2.0] AndroidManifest.xml:31:17-49
115            <meta-data
115-->[androidx.lifecycle:lifecycle-process:2.6.2] AndroidManifest.xml:29:13-31:52
116                android:name="androidx.lifecycle.ProcessLifecycleInitializer"
116-->[androidx.lifecycle:lifecycle-process:2.6.2] AndroidManifest.xml:30:17-78
117                android:value="androidx.startup" />
117-->[androidx.lifecycle:lifecycle-process:2.6.2] AndroidManifest.xml:31:17-49
118            <meta-data
118-->[androidx.profileinstaller:profileinstaller:1.3.0] AndroidManifest.xml:29:13-31:52
119                android:name="androidx.profileinstaller.ProfileInstallerInitializer"
119-->[androidx.profileinstaller:profileinstaller:1.3.0] AndroidManifest.xml:30:17-85
120                android:value="androidx.startup" />
120-->[androidx.profileinstaller:profileinstaller:1.3.0] AndroidManifest.xml:31:17-49
121        </provider>
122
123        <activity
123-->[com.razorpay:standard-core:1.7.3] AndroidManifest.xml:62:9-65:75
124            android:name="com.razorpay.MagicXActivity"
124-->[com.razorpay:standard-core:1.7.3] AndroidManifest.xml:63:13-55
125            android:exported="false"
125-->[com.razorpay:standard-core:1.7.3] AndroidManifest.xml:64:13-37
126            android:theme="@android:style/Theme.Translucent.NoTitleBar" />
126-->[com.razorpay:standard-core:1.7.3] AndroidManifest.xml:65:13-72
127        <activity
127-->[com.google.android.gms:play-services-auth:21.1.0] AndroidManifest.xml:23:9-27:75
128            android:name="com.google.android.gms.auth.api.signin.internal.SignInHubActivity"
128-->[com.google.android.gms:play-services-auth:21.1.0] AndroidManifest.xml:24:13-93
129            android:excludeFromRecents="true"
129-->[com.google.android.gms:play-services-auth:21.1.0] AndroidManifest.xml:25:13-46
130            android:exported="false"
130-->[com.google.android.gms:play-services-auth:21.1.0] AndroidManifest.xml:26:13-37
131            android:theme="@android:style/Theme.Translucent.NoTitleBar" />
131-->[com.google.android.gms:play-services-auth:21.1.0] AndroidManifest.xml:27:13-72
132        <!--
133            Service handling Google Sign-In user revocation. For apps that do not integrate with
134            Google Sign-In, this service will never be started.
135        -->
136        <service
136-->[com.google.android.gms:play-services-auth:21.1.0] AndroidManifest.xml:33:9-37:51
137            android:name="com.google.android.gms.auth.api.signin.RevocationBoundService"
137-->[com.google.android.gms:play-services-auth:21.1.0] AndroidManifest.xml:34:13-89
138            android:exported="true"
138-->[com.google.android.gms:play-services-auth:21.1.0] AndroidManifest.xml:35:13-36
139            android:permission="com.google.android.gms.auth.api.signin.permission.REVOCATION_NOTIFICATION"
139-->[com.google.android.gms:play-services-auth:21.1.0] AndroidManifest.xml:36:13-107
140            android:visibleToInstantApps="true" /> <!-- Needs to be explicitly declared on P+ -->
140-->[com.google.android.gms:play-services-auth:21.1.0] AndroidManifest.xml:37:13-48
141        <uses-library
141-->[com.google.android.gms:play-services-maps:17.0.0] AndroidManifest.xml:33:9-35:40
142            android:name="org.apache.http.legacy"
142-->[com.google.android.gms:play-services-maps:17.0.0] AndroidManifest.xml:34:13-50
143            android:required="false" />
143-->[com.google.android.gms:play-services-maps:17.0.0] AndroidManifest.xml:35:13-37
144
145        <activity
145-->[com.google.android.gms:play-services-base:18.3.0] AndroidManifest.xml:20:9-22:45
146            android:name="com.google.android.gms.common.api.GoogleApiActivity"
146-->[com.google.android.gms:play-services-base:18.3.0] AndroidManifest.xml:20:19-85
147            android:exported="false"
147-->[com.google.android.gms:play-services-base:18.3.0] AndroidManifest.xml:22:19-43
148            android:theme="@android:style/Theme.Translucent.NoTitleBar" />
148-->[com.google.android.gms:play-services-base:18.3.0] AndroidManifest.xml:21:19-78
149
150        <meta-data
150-->[com.google.android.gms:play-services-basement:18.3.0] AndroidManifest.xml:21:9-23:69
151            android:name="com.google.android.gms.version"
151-->[com.google.android.gms:play-services-basement:18.3.0] AndroidManifest.xml:22:13-58
152            android:value="@integer/google_play_services_version" />
152-->[com.google.android.gms:play-services-basement:18.3.0] AndroidManifest.xml:23:13-66
153
154        <receiver
154-->[androidx.profileinstaller:profileinstaller:1.3.0] AndroidManifest.xml:34:9-52:20
155            android:name="androidx.profileinstaller.ProfileInstallReceiver"
155-->[androidx.profileinstaller:profileinstaller:1.3.0] AndroidManifest.xml:35:13-76
156            android:directBootAware="false"
156-->[androidx.profileinstaller:profileinstaller:1.3.0] AndroidManifest.xml:36:13-44
157            android:enabled="true"
157-->[androidx.profileinstaller:profileinstaller:1.3.0] AndroidManifest.xml:37:13-35
158            android:exported="true"
158-->[androidx.profileinstaller:profileinstaller:1.3.0] AndroidManifest.xml:38:13-36
159            android:permission="android.permission.DUMP" >
159-->[androidx.profileinstaller:profileinstaller:1.3.0] AndroidManifest.xml:39:13-57
160            <intent-filter>
160-->[androidx.profileinstaller:profileinstaller:1.3.0] AndroidManifest.xml:40:13-42:29
161                <action android:name="androidx.profileinstaller.action.INSTALL_PROFILE" />
161-->[androidx.profileinstaller:profileinstaller:1.3.0] AndroidManifest.xml:41:17-91
161-->[androidx.profileinstaller:profileinstaller:1.3.0] AndroidManifest.xml:41:25-88
162            </intent-filter>
163            <intent-filter>
163-->[androidx.profileinstaller:profileinstaller:1.3.0] AndroidManifest.xml:43:13-45:29
164                <action android:name="androidx.profileinstaller.action.SKIP_FILE" />
164-->[androidx.profileinstaller:profileinstaller:1.3.0] AndroidManifest.xml:44:17-85
164-->[androidx.profileinstaller:profileinstaller:1.3.0] AndroidManifest.xml:44:25-82
165            </intent-filter>
166            <intent-filter>
166-->[androidx.profileinstaller:profileinstaller:1.3.0] AndroidManifest.xml:46:13-48:29
167                <action android:name="androidx.profileinstaller.action.SAVE_PROFILE" />
167-->[androidx.profileinstaller:profileinstaller:1.3.0] AndroidManifest.xml:47:17-88
167-->[androidx.profileinstaller:profileinstaller:1.3.0] AndroidManifest.xml:47:25-85
168            </intent-filter>
169            <intent-filter>
169-->[androidx.profileinstaller:profileinstaller:1.3.0] AndroidManifest.xml:49:13-51:29
170                <action android:name="androidx.profileinstaller.action.BENCHMARK_OPERATION" />
170-->[androidx.profileinstaller:profileinstaller:1.3.0] AndroidManifest.xml:50:17-95
170-->[androidx.profileinstaller:profileinstaller:1.3.0] AndroidManifest.xml:50:25-92
171            </intent-filter>
172        </receiver>
173
174        <meta-data
174-->[com.facebook.soloader:soloader:0.12.1] AndroidManifest.xml:12:9-14:37
175            android:name="com.facebook.soloader.enabled"
175-->[com.facebook.soloader:soloader:0.12.1] AndroidManifest.xml:13:13-57
176            android:value="false" />
176-->[com.facebook.soloader:soloader:0.12.1] AndroidManifest.xml:14:13-34
177
178        <activity
178-->[com.razorpay:core:1.0.3] AndroidManifest.xml:13:9-30:20
179            android:name="com.razorpay.DeeplinkActivity"
179-->[com.razorpay:core:1.0.3] AndroidManifest.xml:14:13-57
180            android:exported="true"
180-->[com.razorpay:core:1.0.3] AndroidManifest.xml:15:13-36
181            android:theme="@style/CheckoutTheme" >
181-->[com.razorpay:core:1.0.3] AndroidManifest.xml:16:13-49
182            <intent-filter>
182-->[com.razorpay:core:1.0.3] AndroidManifest.xml:17:13-29:29
183                <action android:name="android.intent.action.VIEW" />
183-->[com.razorpay:standard-core:1.7.3] AndroidManifest.xml:12:13-65
183-->[com.razorpay:standard-core:1.7.3] AndroidManifest.xml:12:21-62
184
185                <category android:name="android.intent.category.DEFAULT" />
185-->[com.razorpay:core:1.0.3] AndroidManifest.xml:20:17-76
185-->[com.razorpay:core:1.0.3] AndroidManifest.xml:20:27-73
186                <category android:name="android.intent.category.BROWSABLE" />
186-->[com.razorpay:standard-core:1.7.3] AndroidManifest.xml:21:13-74
186-->[com.razorpay:standard-core:1.7.3] AndroidManifest.xml:21:23-71
187
188                <data
188-->[com.razorpay:standard-core:1.7.3] AndroidManifest.xml:14:13-16:38
189                    android:host="com.cupid_cakes"
190                    android:scheme="razorpay" />
190-->[com.razorpay:standard-core:1.7.3] AndroidManifest.xml:16:17-35
191                <data
191-->[com.razorpay:standard-core:1.7.3] AndroidManifest.xml:14:13-16:38
192                    android:host="pg-router.dev.razorpay.in"
193                    android:scheme="https" />
193-->[com.razorpay:standard-core:1.7.3] AndroidManifest.xml:16:17-35
194            </intent-filter>
195        </activity>
196    </application>
197
198</manifest>